[debug] [2019-12-30T04:16:19.412Z] ----------------------------------------------------------------------
[debug] [2019-12-30T04:16:19.414Z] Command:       C:\Program Files\nodejs\node.exe C:\Users\M1056353\AppData\Roaming\npm\node_modules\firebase-tools\lib\bin\firebase.js init
[debug] [2019-12-30T04:16:19.414Z] CLI Version:   7.11.0
[debug] [2019-12-30T04:16:19.414Z] Platform:      win32
[debug] [2019-12-30T04:16:19.414Z] Node Version:  v12.13.1
[debug] [2019-12-30T04:16:19.415Z] Time:          Mon Dec 30 2019 09:46:19 GMT+0530 (India Standard Time)
[debug] [2019-12-30T04:16:19.415Z] ----------------------------------------------------------------------
[debug] [2019-12-30T04:16:19.415Z] 
[debug] [2019-12-30T04:16:19.421Z] > command requires scopes: ["email","openid","https://www.googleapis.com/auth/cloudplatformprojects.readonly","https://www.googleapis.com/auth/firebase","https://www.googleapis.com/auth/cloud-platform"]
[debug] [2019-12-30T04:16:19.422Z] > authorizing via signed-in user
[info] 
     ######## #### ########  ######## ########     ###     ######  ########
     ##        ##  ##     ## ##       ##     ##  ##   ##  ##       ##
     ######    ##  ########  ######   ########  #########  ######  ######
     ##        ##  ##    ##  ##       ##     ## ##     ##       ## ##
     ##       #### ##     ## ######## ########  ##     ##  ######  ########

You're about to initialize a Firebase project in this directory:

  C:\Users\M1056353\301\gifting-server

[info] 
=== Project Setup
[info] 
[info] First, let's associate this project directory with a Firebase project.
[info] You can create multiple project aliases by running firebase use --add, 
[info] but for now we'll just set up a default project.
[info] 
[debug] [2019-12-30T04:16:25.143Z] > refreshing access token with scopes: ["email","https://www.googleapis.com/auth/cloud-platform","https://www.googleapis.com/auth/cloudplatformprojects.readonly","https://www.googleapis.com/auth/firebase","openid"]
[debug] [2019-12-30T04:16:25.144Z] >>> HTTP REQUEST POST https://www.googleapis.com/oauth2/v3/token  
 <request body omitted>
[debug] [2019-12-30T04:16:25.182Z] Authentication Error: Your credentials are no longer valid. Please run firebase login --reauth

For CI servers and headless environments, generate a new token with firebase login:ci
[debug] [2019-12-30T04:16:25.205Z] FirebaseError: Authentication Error: Your credentials are no longer valid. Please run firebase login --reauth

For CI servers and headless environments, generate a new token with firebase login:ci
    at Object.<anonymous> (C:\Users\M1056353\AppData\Roaming\npm\node_modules\firebase-tools\lib\auth.js:23:32)
    at Module._compile (internal/modules/cjs/loader.js:959:30)
    at Object.Module._extensions..js (internal/modules/cjs/loader.js:995:10)
    at Module.load (internal/modules/cjs/loader.js:815:32)
    at Function.Module._load (internal/modules/cjs/loader.js:727:14)
    at Module.require (internal/modules/cjs/loader.js:852:19)
    at require (internal/modules/cjs/helpers.js:74:18)
    at Object.<anonymous> (C:\Users\M1056353\AppData\Roaming\npm\node_modules\firebase-tools\lib\commands\login.js:8:12)
    at Module._compile (internal/modules/cjs/loader.js:959:30)
    at Object.Module._extensions..js (internal/modules/cjs/loader.js:995:10)
    at Module.load (internal/modules/cjs/loader.js:815:32)
    at Function.Module._load (internal/modules/cjs/loader.js:727:14)
    at Module.require (internal/modules/cjs/loader.js:852:19)
    at require (internal/modules/cjs/helpers.js:74:18)
    at loadCommand (C:\Users\M1056353\AppData\Roaming\npm\node_modules\firebase-tools\lib\commands\index.js:5:19)
    at module.exports (C:\Users\M1056353\AppData\Roaming\npm\node_modules\firebase-tools\lib\commands\index.js:73:20)
[error] 
[error] Error: Failed to list Firebase projects. See firebase-debug.log for more info.
[debug] [2019-12-30T04:16:54.404Z] ----------------------------------------------------------------------
[debug] [2019-12-30T04:16:54.406Z] Command:       C:\Program Files\nodejs\node.exe C:\Users\M1056353\AppData\Roaming\npm\node_modules\firebase-tools\lib\bin\firebase.js login --reauth
[debug] [2019-12-30T04:16:54.406Z] CLI Version:   7.11.0
[debug] [2019-12-30T04:16:54.407Z] Platform:      win32
[debug] [2019-12-30T04:16:54.407Z] Node Version:  v12.13.1
[debug] [2019-12-30T04:16:54.408Z] Time:          Mon Dec 30 2019 09:46:54 GMT+0530 (India Standard Time)
[debug] [2019-12-30T04:16:54.408Z] ----------------------------------------------------------------------
[debug] [2019-12-30T04:16:54.408Z] 
[info] i  Firebase optionally collects CLI usage and error reporting information to help improve our products. Data is collected in accordance with Google's privacy policy (https://policies.google.com/privacy) and is not used to identify you.

[info] i  To change your data collection preference at any time, run `firebase logout` and log in again.
[info] 
[info] Visit this URL on this device to log in:
[info] https://accounts.google.com/o/oauth2/auth?client_id=563584335869-fgrhgmd47bqnekij5i8b5pr03ho849e6.apps.googleusercontent.com&scope=email%20openid%20https%3A%2F%2Fwww.googleapis.com%2Fauth%2Fcloudplatformprojects.readonly%20https%3A%2F%2Fwww.googleapis.com%2Fauth%2Ffirebase%20https%3A%2F%2Fwww.googleapis.com%2Fauth%2Fcloud-platform&response_type=code&state=664662583&redirect_uri=http%3A%2F%2Flocalhost%3A9005
[info] 
[info] Waiting for authentication...
[debug] [2019-12-30T04:17:03.559Z] >>> HTTP REQUEST POST https://accounts.google.com/o/oauth2/token  

[debug] [2019-12-30T04:17:03.605Z] Token Fetch Error: FirebaseError: Server Error. read ECONNRESET
    at Request._callback (C:\Users\M1056353\AppData\Roaming\npm\node_modules\firebase-tools\lib\api.js:30:31)
    at self.callback (C:\Users\M1056353\AppData\Roaming\npm\node_modules\firebase-tools\node_modules\request\request.js:185:22)
    at Request.emit (events.js:210:5)
    at Request.EventEmitter.emit (domain.js:475:20)
    at Request.onRequestError (C:\Users\M1056353\AppData\Roaming\npm\node_modules\firebase-tools\node_modules\request\request.js:881:8)
    at ClientRequest.emit (events.js:210:5)
    at ClientRequest.EventEmitter.emit (domain.js:475:20)
    at TLSSocket.socketErrorListener (_http_client.js:406:9)
    at TLSSocket.emit (events.js:210:5)
    at TLSSocket.EventEmitter.emit (domain.js:475:20)
    at emitErrorNT (internal/streams/destroy.js:92:8)
    at emitErrorAndCloseNT (internal/streams/destroy.js:60:3)
    at processTicksAndRejections (internal/process/task_queues.js:80:21)
